
> @madoc/web@0.1.0 dev F:\madoc\frontend
> pnpm affine bundle --dev -p @madoc/web

[bundle] Starting rspack dev server for @madoc/web...
Building [@madoc/web] for [canary] channel in [development] mode.
Entry points: index: F:\madoc\frontend\src\index.tsx
Output path: F:\madoc\frontend\dist
Config: {
  "debug": true,
  "distribution": "web",
  "isDesktopEdition": true,
  "isMobileEdition": false,
  "isElectron": false,
  "isWeb": true,
  "isMobileWeb": false,
  "isIOS": false,
  "isAndroid": false,
  "isNative": false,
  "isAdmin": false,
  "appBuildType": "canary",
  "appVersion": "0.1.0",
  "editorVersion": "0.1.0",
  "githubUrl": "https://github.com/toeverything/AFFiNE",
  "changelogUrl": "https://github.com/toeverything/AFFiNE/releases",
  "downloadUrl": "https://affine.pro/download",
  "pricingUrl": "https://affine.pro/pricing",
  "discordUrl": "https://affine.pro/redirect/discord",
  "requestLicenseUrl": "https://affine.pro/redirect/license",
  "imageProxyUrl": "/api/worker/image-proxy",
  "linkPreviewUrl": "/api/worker/link-preview",
  "CAPTCHA_SITE_KEY": "",
  "SENTRY_DSN": ""
}
  ➜  Local:    http://localhost:8081/
  ➜  Network:  http://10.87.106.105:8081/

<i> [rspack-dev-middleware] wait until bundle finished: /

F:\madoc\frontend>